[INFO ] 02 Jul 2025 11:52:18,881 com.qa.hippo.tests.verifyRegisterCustomerContractor :- Chrome launched successfully
[INFO ] 02 Jul 2025 11:52:18,953 com.qa.hippo.tests.verifyRegisterCustomerContractor :- Maximized browser
[INFO ] 02 Jul 2025 11:52:18,971 com.qa.hippo.tests.verifyRegisterCustomerContractor :- Deleted all cookies
[INFO ] 02 Jul 2025 11:52:23,974 com.qa.hippo.tests.verifyRegisterCustomerContractor :- Niyaz1 Is selected!!
[INFO ] 02 Jul 2025 11:52:44,299 com.qa.hippo.tests.verifyRegisterCustomerContractor :- UserId is Entered!!
[INFO ] 02 Jul 2025 11:52:44,544 com.qa.hippo.tests.verifyRegisterCustomerContractor :- Password is Entered!!!
[INFO ] 02 Jul 2025 11:52:44,835 com.qa.hippo.tests.verifyRegisterCustomerContractor :- Clicked on Login Button!!
[INFO ] 02 Jul 2025 11:53:08,582 com.qa.hippo.tests.verifyRegisterCustomerContractor :- Search customer cursor is blinking in the input field.
[INFO ] 02 Jul 2025 11:53:10,619 com.qa.hippo.tests.verifyRegisterCustomerContractor :- Customer is searched by mobile number :9325375578
[ERROR] 02 Jul 2025 11:53:50,732 com.qa.hippo.tests.verifyRegisterCustomerContractor :- Error occurred while clicking Walk-in Customer button: no such element: Unable to locate element: {"method":"xpath","selector":"//button[contains(.,'Register Customer')]"}
  (Session info: chrome=137.0.7151.122)
For documentation on this error, please visit: https://www.selenium.dev/documentation/webdriver/troubleshooting/errors#no-such-element-exception
Build info: version: '4.19.1', revision: 'abe0ee07dc'
System info: os.name: 'Windows 11', os.arch: 'amd64', os.version: '10.0', java.version: '21.0.7'
Driver info: org.openqa.selenium.chrome.ChromeDriver
Command: [dfff84c847d7c48a65f00a2e0443c7f4, findElement {value=//button[contains(.,'Register Customer')], using=xpath}]
Capabilities {acceptInsecureCerts: false, browserName: chrome, browserVersion: 137.0.7151.122, chrome: {chromedriverVersion: 137.0.7151.119 (e0ac9d12dff..., userDataDir: C:\Users\AHMED~1.NIY\AppDat...}, fedcm:accounts: true, goog:chromeOptions: {debuggerAddress: localhost:61625}, networkConnectionEnabled: false, pageLoadStrategy: normal, platformName: windows, proxy: Proxy(), se:cdp: ws://localhost:61625/devtoo..., se:cdpVersion: 137.0.7151.122, setWindowRect: true, strictFileInteractability: false, timeouts: {implicit: 0, pageLoad: 300000, script: 30000}, unhandledPromptBehavior: dismiss and notify, webauthn:extension:credBlob: true, webauthn:extension:largeBlob: true, webauthn:extension:minPinLength: true, webauthn:extension:prf: true, webauthn:virtualAuthenticators: true}
Session ID: dfff84c847d7c48a65f00a2e0443c7f4
org.openqa.selenium.NoSuchElementException: no such element: Unable to locate element: {"method":"xpath","selector":"//button[contains(.,'Register Customer')]"}
  (Session info: chrome=137.0.7151.122)
For documentation on this error, please visit: https://www.selenium.dev/documentation/webdriver/troubleshooting/errors#no-such-element-exception
Build info: version: '4.19.1', revision: 'abe0ee07dc'
System info: os.name: 'Windows 11', os.arch: 'amd64', os.version: '10.0', java.version: '21.0.7'
Driver info: org.openqa.selenium.chrome.ChromeDriver
Command: [dfff84c847d7c48a65f00a2e0443c7f4, findElement {value=//button[contains(.,'Register Customer')], using=xpath}]
Capabilities {acceptInsecureCerts: false, browserName: chrome, browserVersion: 137.0.7151.122, chrome: {chromedriverVersion: 137.0.7151.119 (e0ac9d12dff..., userDataDir: C:\Users\AHMED~1.NIY\AppDat...}, fedcm:accounts: true, goog:chromeOptions: {debuggerAddress: localhost:61625}, networkConnectionEnabled: false, pageLoadStrategy: normal, platformName: windows, proxy: Proxy(), se:cdp: ws://localhost:61625/devtoo..., se:cdpVersion: 137.0.7151.122, setWindowRect: true, strictFileInteractability: false, timeouts: {implicit: 0, pageLoad: 300000, script: 30000}, unhandledPromptBehavior: dismiss and notify, webauthn:extension:credBlob: true, webauthn:extension:largeBlob: true, webauthn:extension:minPinLength: true, webauthn:extension:prf: true, webauthn:virtualAuthenticators: true}
Session ID: dfff84c847d7c48a65f00a2e0443c7f4
	at jdk.internal.reflect.DirectConstructorHandleAccessor.newInstance(DirectConstructorHandleAccessor.java:62) ~[?:?]
	at java.lang.reflect.Constructor.newInstanceWithCaller(Constructor.java:502) ~[?:?]
	at java.lang.reflect.Constructor.newInstance(Constructor.java:486) ~[?:?]
	at org.openqa.selenium.remote.ErrorCodec.decode(ErrorCodec.java:167) ~[selenium-remote-driver-4.19.1.jar:?]
	at org.openqa.selenium.remote.codec.w3c.W3CHttpResponseCodec.decode(W3CHttpResponseCodec.java:138) ~[selenium-remote-driver-4.19.1.jar:?]
	at org.openqa.selenium.remote.codec.w3c.W3CHttpResponseCodec.decode(W3CHttpResponseCodec.java:50) ~[selenium-remote-driver-4.19.1.jar:?]
	at org.openqa.selenium.remote.HttpCommandExecutor.execute(HttpCommandExecutor.java:190) ~[selenium-remote-driver-4.19.1.jar:?]
	at org.openqa.selenium.remote.service.DriverCommandExecutor.invokeExecute(DriverCommandExecutor.java:216) ~[selenium-remote-driver-4.19.1.jar:?]
	at org.openqa.selenium.remote.service.DriverCommandExecutor.execute(DriverCommandExecutor.java:174) ~[selenium-remote-driver-4.19.1.jar:?]
	at org.openqa.selenium.remote.RemoteWebDriver.execute(RemoteWebDriver.java:518) ~[selenium-remote-driver-4.19.1.jar:?]
	at org.openqa.selenium.remote.ElementLocation$ElementFinder$2.findElement(ElementLocation.java:165) ~[selenium-remote-driver-4.19.1.jar:?]
	at org.openqa.selenium.remote.ElementLocation.findElement(ElementLocation.java:59) ~[selenium-remote-driver-4.19.1.jar:?]
	at org.openqa.selenium.remote.RemoteWebDriver.findElement(RemoteWebDriver.java:355) ~[selenium-remote-driver-4.19.1.jar:?]
	at org.openqa.selenium.remote.RemoteWebDriver.findElement(RemoteWebDriver.java:349) ~[selenium-remote-driver-4.19.1.jar:?]
	at org.openqa.selenium.support.pagefactory.DefaultElementLocator.findElement(DefaultElementLocator.java:68) ~[selenium-support-4.19.1.jar:?]
	at org.openqa.selenium.support.pagefactory.internal.LocatingElementHandler.invoke(LocatingElementHandler.java:38) ~[selenium-support-4.19.1.jar:?]
	at jdk.proxy2.$Proxy29.isDisplayed(Unknown Source) ~[?:?]
	at com.qa.hippo.pages.RegisterNewCustomerIHB.clickOnCustomerAddButton(RegisterNewCustomerIHB.java:114) ~[classes/:?]
	at com.qa.hippo.tests.verifyRegisterCustomerContractor.verifyContractorCustomerIsNotRegistered(verifyRegisterCustomerContractor.java:30) ~[test-classes/:?]
	at jdk.internal.reflect.DirectMethodHandleAccessor.invoke(DirectMethodHandleAccessor.java:103) ~[?:?]
	at java.lang.reflect.Method.invoke(Method.java:580) ~[?:?]
	at org.testng.internal.invokers.MethodInvocationHelper.invokeMethod(MethodInvocationHelper.java:141) ~[testng-7.10.2.jar:7.10.2]
	at org.testng.internal.invokers.TestInvoker.invokeMethod(TestInvoker.java:686) ~[testng-7.10.2.jar:7.10.2]
	at org.testng.internal.invokers.TestInvoker.invokeTestMethod(TestInvoker.java:230) ~[testng-7.10.2.jar:7.10.2]
	at org.testng.internal.invokers.MethodRunner.runInSequence(MethodRunner.java:63) ~[testng-7.10.2.jar:7.10.2]
	at org.testng.internal.invokers.TestInvoker$MethodInvocationAgent.invoke(TestInvoker.java:992) ~[testng-7.10.2.jar:7.10.2]
	at org.testng.internal.invokers.TestInvoker.invokeTestMethods(TestInvoker.java:203) ~[testng-7.10.2.jar:7.10.2]
	at org.testng.internal.invokers.TestMethodWorker.invokeTestMethods(TestMethodWorker.java:154) ~[testng-7.10.2.jar:7.10.2]
	at org.testng.internal.invokers.TestMethodWorker.run(TestMethodWorker.java:134) ~[testng-7.10.2.jar:7.10.2]
	at java.util.ArrayList.forEach(ArrayList.java:1596) [?:?]
	at org.testng.TestRunner.privateRun(TestRunner.java:739) [testng-7.10.2.jar:7.10.2]
	at org.testng.TestRunner.run(TestRunner.java:614) [testng-7.10.2.jar:7.10.2]
	at org.testng.SuiteRunner.runTest(SuiteRunner.java:421) [testng-7.10.2.jar:7.10.2]
	at org.testng.SuiteRunner.runSequentially(SuiteRunner.java:413) [testng-7.10.2.jar:7.10.2]
	at org.testng.SuiteRunner.privateRun(SuiteRunner.java:373) [testng-7.10.2.jar:7.10.2]
	at org.testng.SuiteRunner.run(SuiteRunner.java:312) [testng-7.10.2.jar:7.10.2]
	at org.testng.SuiteRunnerWorker.runSuite(SuiteRunnerWorker.java:52) [testng-7.10.2.jar:7.10.2]
	at org.testng.SuiteRunnerWorker.run(SuiteRunnerWorker.java:95) [testng-7.10.2.jar:7.10.2]
	at org.testng.TestNG.runSuitesSequentially(TestNG.java:1274) [testng-7.10.2.jar:7.10.2]
	at org.testng.TestNG.runSuitesLocally(TestNG.java:1208) [testng-7.10.2.jar:7.10.2]
	at org.testng.TestNG.runSuites(TestNG.java:1112) [testng-7.10.2.jar:7.10.2]
	at org.testng.TestNG.run(TestNG.java:1079) [testng-7.10.2.jar:7.10.2]
	at com.intellij.rt.testng.IDEARemoteTestNG.run(IDEARemoteTestNG.java:65) [testng-rt.jar:?]
	at com.intellij.rt.testng.RemoteTestNGStarter.main(RemoteTestNGStarter.java:105) [testng-rt.jar:?]
[INFO ] 02 Jul 2025 11:54:17,998 com.qa.hippo.tests.verifyRegisterCustomerContractor :- Mobile number is Entered!!
[INFO ] 02 Jul 2025 11:54:18,356 com.qa.hippo.tests.verifyRegisterCustomerContractor :- Clicked on Generate Otp button!!
[INFO ] 02 Jul 2025 11:54:23,209 com.qa.hippo.tests.verifyRegisterCustomerContractor :- Enter otp and click on Submit button!!
[INFO ] 02 Jul 2025 11:54:27,199 com.qa.hippo.tests.verifyRegisterCustomerContractor :- Contractor radio button is Selected!!
[INFO ] 02 Jul 2025 11:54:28,640 com.qa.hippo.tests.verifyRegisterCustomerContractor :- First Name is entered!!
[INFO ] 02 Jul 2025 11:54:29,839 com.qa.hippo.tests.verifyRegisterCustomerContractor :- Last Name is entered!!
[INFO ] 02 Jul 2025 11:54:32,346 com.qa.hippo.tests.verifyRegisterCustomerContractor :- Email-ID is entered!!
[INFO ] 02 Jul 2025 11:54:32,496 com.qa.hippo.tests.verifyRegisterCustomerContractor :- ✅ Mobile Number field is disabled and has a value: 9325375578
[INFO ] 02 Jul 2025 11:54:32,592 com.qa.hippo.tests.verifyRegisterCustomerContractor :- Pan Card field is enabled and has no value. Entered AAFCH9262H
[INFO ] 02 Jul 2025 11:54:34,097 com.qa.hippo.tests.verifyRegisterCustomerContractor :- Pan card validated!!
[INFO ] 02 Jul 2025 11:54:34,250 com.qa.hippo.tests.verifyRegisterCustomerContractor :- GST Number field is enabled and has no value. Entered 06AAFCH9262H1ZE
[INFO ] 02 Jul 2025 11:54:36,433 com.qa.hippo.tests.verifyRegisterCustomerContractor :- GST number validated!!!
[INFO ] 02 Jul 2025 11:54:38,528 com.qa.hippo.tests.verifyRegisterCustomerContractor :- ✅ GST Address field is disabled and has a value: First Floor, Unit no 1 and Unit no 5, Good Earth Business Bay2, Sector 58, Behrampur Village, Gurugram, Gurugram, Haryana, 122102
[INFO ] 02 Jul 2025 11:54:40,651 com.qa.hippo.tests.verifyRegisterCustomerContractor :- ✅ Trade Name field is disabled and has a value: HIPPOSTORES TECHNOLOGY PRIVATE LIMITED
